{
  "stats": {
    "suites": 1,
    "tests": 7,
    "passes": 7,
    "pending": 0,
    "failures": 0,
    "start": "2025-08-17T23:00:03.434Z",
    "end": "2025-08-17T23:00:59.770Z",
    "duration": 56336,
    "testsRegistered": 7,
    "passPercent": 100,
    "pendingPercent": 0,
    "other": 0,
    "hasOther": false,
    "skipped": 0,
    "hasSkipped": false
  },
  "results": [
    {
      "uuid": "7aa21586-cc5c-4b5b-8c0e-79e5f459f709",
      "title": "",
      "fullFile": "cypress\\e2e\\users-actions.cy.js",
      "file": "cypress\\e2e\\users-actions.cy.js",
      "beforeHooks": [],
      "afterHooks": [],
      "tests": [],
      "suites": [
        {
          "uuid": "1a0456b5-b65d-42e0-ab76-c8f83a07fa1b",
          "title": "User's Actions",
          "fullFile": "",
          "file": "",
          "beforeHooks": [],
          "afterHooks": [],
          "tests": [
            {
              "title": "Should register a new user: Marjorie QA",
              "fullTitle": "User's Actions Should register a new user: Marjorie QA",
              "timedOut": null,
              "duration": 10378,
              "state": "passed",
              "speed": "slow",
              "pass": true,
              "fail": false,
              "pending": false,
              "context": null,
              "code": "cy.userInformationRegister(user.firstName, user.lastName, user.streetName, user.cityName, user.stateName, user.zipCode, user.phoneNumber, user.ssn);\ncy.userCreation(user.userName, user.password);\ncy.userCreationConfirmationMessage(user.userName);",
              "err": {},
              "uuid": "2d065093-3e37-41ab-94b4-c4c3fae094bf",
              "parentUUID": "1a0456b5-b65d-42e0-ab76-c8f83a07fa1b",
              "isHook": false,
              "skipped": false
            },
            {
              "title": "Should register a new user: Roberto C.",
              "fullTitle": "User's Actions Should register a new user: Roberto C.",
              "timedOut": null,
              "duration": 7023,
              "state": "passed",
              "speed": "medium",
              "pass": true,
              "fail": false,
              "pending": false,
              "context": null,
              "code": "cy.userInformationRegister(user.firstName, user.lastName, user.streetName, user.cityName, user.stateName, user.zipCode, user.phoneNumber, user.ssn);\ncy.userCreation(user.userName, user.password);\ncy.userCreationConfirmationMessage(user.userName);",
              "err": {},
              "uuid": "5627a6ae-6272-42bc-ae62-151aeacf7c69",
              "parentUUID": "1a0456b5-b65d-42e0-ab76-c8f83a07fa1b",
              "isHook": false,
              "skipped": false
            },
            {
              "title": "Should register a new user: Carminha Tufão",
              "fullTitle": "User's Actions Should register a new user: Carminha Tufão",
              "timedOut": null,
              "duration": 6009,
              "state": "passed",
              "speed": "medium",
              "pass": true,
              "fail": false,
              "pending": false,
              "context": null,
              "code": "cy.userInformationRegister(user.firstName, user.lastName, user.streetName, user.cityName, user.stateName, user.zipCode, user.phoneNumber, user.ssn);\ncy.userCreation(user.userName, user.password);\ncy.userCreationConfirmationMessage(user.userName);",
              "err": {},
              "uuid": "0390d0ba-df4b-43bd-8435-16d9369f6690",
              "parentUUID": "1a0456b5-b65d-42e0-ab76-c8f83a07fa1b",
              "isHook": false,
              "skipped": false
            },
            {
              "title": "Should deposit money for user: marjorieqa",
              "fullTitle": "User's Actions Should deposit money for user: marjorieqa",
              "timedOut": null,
              "duration": 7076,
              "state": "passed",
              "speed": "medium",
              "pass": true,
              "fail": false,
              "pending": false,
              "context": null,
              "code": "cy.userLoginIn(user.userName, user.password);\ncy.transferFundsToSavings();",
              "err": {},
              "uuid": "08df4cce-c137-4cf5-88bd-311158538aba",
              "parentUUID": "1a0456b5-b65d-42e0-ab76-c8f83a07fa1b",
              "isHook": false,
              "skipped": false
            },
            {
              "title": "Should deposit money for user: RobertoCarlos",
              "fullTitle": "User's Actions Should deposit money for user: RobertoCarlos",
              "timedOut": null,
              "duration": 7416,
              "state": "passed",
              "speed": "medium",
              "pass": true,
              "fail": false,
              "pending": false,
              "context": null,
              "code": "cy.userLoginIn(user.userName, user.password);\ncy.transferFundsToSavings();",
              "err": {},
              "uuid": "0a43c87a-9317-4dee-bc8d-c3b679996593",
              "parentUUID": "1a0456b5-b65d-42e0-ab76-c8f83a07fa1b",
              "isHook": false,
              "skipped": false
            },
            {
              "title": "Should deposit money for user: Carminha123",
              "fullTitle": "User's Actions Should deposit money for user: Carminha123",
              "timedOut": null,
              "duration": 8818,
              "state": "passed",
              "speed": "medium",
              "pass": true,
              "fail": false,
              "pending": false,
              "context": null,
              "code": "cy.userLoginIn(user.userName, user.password);\ncy.transferFundsToSavings();",
              "err": {},
              "uuid": "7556eb0d-d4b1-46cb-bc98-183e7da9bcdc",
              "parentUUID": "1a0456b5-b65d-42e0-ab76-c8f83a07fa1b",
              "isHook": false,
              "skipped": false
            },
            {
              "title": "Reset database",
              "fullTitle": "User's Actions Reset database",
              "timedOut": null,
              "duration": 4041,
              "state": "passed",
              "speed": "fast",
              "pass": true,
              "fail": false,
              "pending": false,
              "context": null,
              "code": "cy.resetData();",
              "err": {},
              "uuid": "1b3f8c30-5469-4604-a415-529e21cc28ca",
              "parentUUID": "1a0456b5-b65d-42e0-ab76-c8f83a07fa1b",
              "isHook": false,
              "skipped": false
            }
          ],
          "suites": [],
          "passes": [
            "2d065093-3e37-41ab-94b4-c4c3fae094bf",
            "5627a6ae-6272-42bc-ae62-151aeacf7c69",
            "0390d0ba-df4b-43bd-8435-16d9369f6690",
            "08df4cce-c137-4cf5-88bd-311158538aba",
            "0a43c87a-9317-4dee-bc8d-c3b679996593",
            "7556eb0d-d4b1-46cb-bc98-183e7da9bcdc",
            "1b3f8c30-5469-4604-a415-529e21cc28ca"
          ],
          "failures": [],
          "pending": [],
          "skipped": [],
          "duration": 50761,
          "root": false,
          "rootEmpty": false,
          "_timeout": 2000
        }
      ],
      "passes": [],
      "failures": [],
      "pending": [],
      "skipped": [],
      "duration": 0,
      "root": true,
      "rootEmpty": true,
      "_timeout": 2000
    }
  ],
  "meta": {
    "mocha": {
      "version": "7.2.0"
    },
    "mochawesome": {
      "options": {
        "quiet": false,
        "reportFilename": "mochawesome",
        "saveHtml": true,
        "saveJson": true,
        "consoleReporter": "spec",
        "useInlineDiffs": false,
        "code": true
      },
      "version": "7.1.3"
    },
    "marge": {
      "options": {
        "reportDir": "cypress/reports/html",
        "overwrite": true,
        "html": true,
        "json": true
      },
      "version": "6.2.0"
    }
  }
}